<?xml version="1.0" encoding="UTF-8"?>
<testsuite name="com.dmdev.springboot.lesson.repository.CompanyRepositoryTest" tests="1" skipped="0" failures="0" errors="0" timestamp="2023-04-13T19:32:23" hostname="DESKTOP-N14815P" time="0.886">
  <properties/>
  <testcase name="testSave()" classname="com.dmdev.springboot.lesson.repository.CompanyRepositoryTest" time="0.886"/>
  <system-out><![CDATA[22:32:01.121 [Test worker] DEBUG org.springframework.boot.test.context.SpringBootTestContextBootstrapper -- Neither @ContextConfiguration nor @ContextHierarchy found for test class [CompanyRepositoryTest]: using SpringBootContextLoader
22:32:01.134 [Test worker] DEBUG org.springframework.test.context.support.AbstractContextLoader -- Could not detect default resource locations for test class [com.dmdev.springboot.lesson.repository.CompanyRepositoryTest]: no resource found for suffixes {-context.xml, Context.groovy}.
22:32:01.139 [Test worker] INFO org.springframework.test.context.support.AnnotationConfigContextLoaderUtils -- Could not detect default configuration classes for test class [com.dmdev.springboot.lesson.repository.CompanyRepositoryTest]: CompanyRepositoryTest does not declare any static, non-private, non-final, nested classes annotated with @Configuration.
22:32:01.241 [Test worker] DEBUG org.springframework.boot.test.context.SpringBootTestContextBootstrapper -- Using ContextCustomizers for test class [CompanyRepositoryTest]: [DisableObservabilityContextCustomizer, PropertyMappingContextCustomizer, Customizer, ExcludeFilterContextCustomizer, DuplicateJsonObjectContextCustomizer, MockitoContextCustomizer, TestRestTemplateContextCustomizer]
22:32:01.484 [Test worker] DEBUG org.springframework.context.annotation.ClassPathScanningCandidateComponentProvider -- Identified candidate component class: file [D:\Project IJ\spring-boot-lesson\build\classes\java\main\com\dmdev\springboot\lesson\SpringBootLessonApplication.class]
22:32:01.489 [Test worker] INFO org.springframework.boot.test.context.SpringBootTestContextBootstrapper -- Found @SpringBootConfiguration com.dmdev.springboot.lesson.SpringBootLessonApplication for test class com.dmdev.springboot.lesson.repository.CompanyRepositoryTest
22:32:02.130 [Test worker] DEBUG org.springframework.test.context.util.TestContextSpringFactoriesUtils -- Skipping candidate TestExecutionListener [org.springframework.test.context.web.ServletTestExecutionListener] due to a missing dependency. Specify custom TestExecutionListener classes or make the default TestExecutionListener classes and their required dependencies available. Offending class: [jakarta/servlet/ServletContext]
22:32:02.168 [Test worker] DEBUG org.springframework.boot.test.context.SpringBootTestContextBootstrapper -- Using TestExecutionListeners for test class [CompanyRepositoryTest]: [DirtiesContextBeforeModesTestExecutionListener, ApplicationEventsTestExecutionListener, MockitoTestExecutionListener, DependencyInjectionTestExecutionListener, DirtiesContextTestExecutionListener, TransactionalTestExecutionListener, SqlScriptsTestExecutionListener, EventPublishingTestExecutionListener, RestDocsTestExecutionListener, MockRestServiceServerResetTestExecutionListener, MockMvcPrintOnlyOnFailureTestExecutionListener, WebDriverTestExecutionListener, MockWebServiceServerTestExecutionListener, ResetMocksTestExecutionListener]
22:32:02.174 [Test worker] DEBUG org.springframework.test.context.support.AbstractDirtiesContextTestExecutionListener -- Before test class: class [CompanyRepositoryTest], class annotated with @DirtiesContext [false] with mode [null]
22:32:02.210 [Test worker] DEBUG org.springframework.test.context.support.DependencyInjectionTestExecutionListener -- Performing dependency injection for test class com.dmdev.springboot.lesson.repository.CompanyRepositoryTest

  .   ____          _            __ _ _
 /\\ / ___'_ __ _ _(_)_ __  __ _ \ \ \ \
( ( )\___ | '_ | '_| | '_ \/ _` | \ \ \ \
 \\/  ___)| |_)| | | | | || (_| |  ) ) ) )
  '  |____| .__|_| |_|_| |_\__, | / / / /
 =========|_|==============|___/=/_/_/_/
 :: Spring Boot ::                (v3.0.5)

2023-04-13T22:32:04.091+03:00  INFO 5516 --- [    Test worker] c.d.s.l.r.CompanyRepositoryTest          : Starting CompanyRepositoryTest using Java 18.0.2.1 with PID 5516 (started by Игорь in D:\Project IJ\spring-boot-lesson)
2023-04-13T22:32:04.094+03:00  INFO 5516 --- [    Test worker] c.d.s.l.r.CompanyRepositoryTest          : The following 1 profile is active: "test"
2023-04-13T22:32:07.086+03:00  INFO 5516 --- [    Test worker] .s.d.r.c.RepositoryConfigurationDelegate : Bootstrapping Spring Data JPA repositories in DEFAULT mode.
2023-04-13T22:32:07.412+03:00  INFO 5516 --- [    Test worker] .s.d.r.c.RepositoryConfigurationDelegate : Finished Spring Data repository scanning in 242 ms. Found 2 JPA repository interfaces.
2023-04-13T22:32:09.795+03:00  INFO 5516 --- [    Test worker] com.zaxxer.hikari.HikariDataSource       : HikariPool-1 - Starting...
2023-04-13T22:32:09.813+03:00  WARN 5516 --- [    Test worker] c.zaxxer.hikari.util.DriverDataSource    : Registered driver with driverClassName=com.mysql.jdbc.Driver was not found, trying direct instantiation.
2023-04-13T22:32:13.675+03:00  INFO 5516 --- [    Test worker] com.zaxxer.hikari.pool.HikariPool        : HikariPool-1 - Added connection com.mysql.cj.jdbc.ConnectionImpl@5f025000
2023-04-13T22:32:13.705+03:00  INFO 5516 --- [    Test worker] com.zaxxer.hikari.HikariDataSource       : HikariPool-1 - Start completed.
2023-04-13T22:32:16.041+03:00  INFO 5516 --- [    Test worker] o.hibernate.jpa.internal.util.LogHelper  : HHH000204: Processing PersistenceUnitInfo [name: default]
2023-04-13T22:32:16.709+03:00  INFO 5516 --- [    Test worker] org.hibernate.Version                    : HHH000412: Hibernate ORM core version 6.1.7.Final
2023-04-13T22:32:18.950+03:00  INFO 5516 --- [    Test worker] SQL dialect                              : HHH000400: Using dialect: org.hibernate.dialect.MySQLDialect
2023-04-13T22:32:21.855+03:00  INFO 5516 --- [    Test worker] o.h.e.t.j.p.i.JtaPlatformInitiator       : HHH000490: Using JtaPlatform implementation: [org.hibernate.engine.transaction.jta.platform.internal.NoJtaPlatform]
2023-04-13T22:32:21.903+03:00  INFO 5516 --- [    Test worker] j.LocalContainerEntityManagerFactoryBean : Initialized JPA EntityManagerFactory for persistence unit 'default'
2023-04-13T22:32:21.920+03:00  WARN 5516 --- [    Test worker] c.d.s.l.config.ApplicationConfiguration  : app is loaded!!!
2023-04-13T22:32:23.564+03:00  INFO 5516 --- [    Test worker] c.d.s.l.r.CompanyRepositoryTest          : Started CompanyRepositoryTest in 21.182 seconds (process running for 25.192)
Hibernate: 
    insert 
    into
        company
        (name) 
    values
        (?)
]]></system-out>
  <system-err><![CDATA[Loading class `com.mysql.jdbc.Driver'. This is deprecated. The new driver class is `com.mysql.cj.jdbc.Driver'. The driver is automatically registered via the SPI and manual loading of the driver class is generally unnecessary.
]]></system-err>
</testsuite>
